<?xml version="1.0" encoding="utf-8"?><testsuites name="pytest tests"><testsuite name="pytest" errors="0" failures="0" skipped="0" tests="7" time="19.524" timestamp="2026-09-16T12:13:32.494051+00:00" hostname="agent-env-7028bf1b-a558-4ce5-9cc5-24dbe1a58b52"><testcase classname="tests.backend_test" name="test_root" time="0.487" /><testcase classname="tests.backend_test" name="test_quote_validation_short_name" time="0.295" /><testcase classname="tests.backend_test" name="test_quote_validation_short_phone" time="0.323" /><testcase classname="tests.backend_test" name="test_quote_creates_lead" time="0.305" /><testcase classname="tests.backend_test" name="test_lead_ai_and_email_status" time="5.365" /><testcase classname="tests.backend_test" name="test_chat_sse_stream_and_history" time="9.780" /><testcase classname="tests.backend_test" name="test_chat_validation_short_session" time="0.309" /></testsuite></testsuites>