<?xml version="1.0" encoding="utf-8"?><testsuites name="pytest tests"><testsuite name="pytest" errors="0" failures="0" skipped="0" tests="7" time="25.738" timestamp="2026-09-10T15:58:55.198554+00:00" hostname="agent-env-7028bf1b-a558-4ce5-9cc5-24dbe1a58b52"><testcase classname="tests.backend_test" name="test_root" time="3.868" /><testcase classname="tests.backend_test" name="test_quote_validation_short_name" time="0.213" /><testcase classname="tests.backend_test" name="test_quote_validation_short_phone" time="0.382" /><testcase classname="tests.backend_test" name="test_quote_creates_lead" time="0.360" /><testcase classname="tests.backend_test" name="test_lead_ai_and_email_status" time="5.236" /><testcase classname="tests.backend_test" name="test_chat_sse_stream_and_history" time="10.326" /><testcase classname="tests.backend_test" name="test_chat_validation_short_session" time="0.245" /></testsuite></testsuites>